<?xml version="1.0" encoding="UTF-8" ?>
<testsuite tests="4" failures="1" name="runner.RunnerTest" time="70.491" errors="0" skipped="0">
  <properties>
    <property name="idea.version" value="2022.2.5"/>
    <property name="java.runtime.name" value="Java(TM) SE Runtime Environment"/>
    <property name="java.vm.version" value="11.0.17+10-LTS-269"/>
    <property name="sun.boot.library.path" value="C:\Program Files\Java\jdk-11.0.17\bin"/>
    <property name="maven.multiModuleProjectDirectory" value="E:\Automation Test\Jubelio x Rakamin Web Automation"/>
    <property name="java.vm.vendor" value="Oracle Corporation"/>
    <property name="java.vendor.url" value="https://openjdk.java.net/"/>
    <property name="guice.disable.misplaced.annotation.check" value="true"/>
    <property name="path.separator" value=";"/>
    <property name="java.vm.name" value="Java HotSpot(TM) 64-Bit Server VM"/>
    <property name="sun.os.patch.level" value=""/>
    <property name="user.script" value=""/>
    <property name="user.country" value="US"/>
    <property name="sun.java.launcher" value="SUN_STANDARD"/>
    <property name="java.vm.specification.name" value="Java Virtual Machine Specification"/>
    <property name="user.dir" value="E:\Automation Test\Jubelio x Rakamin Web Automation"/>
    <property name="java.vm.compressedOopsMode" value="32-bit"/>
    <property name="java.runtime.version" value="11.0.17+10-LTS-269"/>
    <property name="java.awt.graphicsenv" value="sun.awt.Win32GraphicsEnvironment"/>
    <property name="os.arch" value="amd64"/>
    <property name="java.io.tmpdir" value="C:\Users\Acer\AppData\Local\Temp\"/>
    <property name="line.separator" value="
"/>
    <property name="java.vm.specification.vendor" value="Oracle Corporation"/>
    <property name="user.variant" value=""/>
    <property name="os.name" value="Windows 11"/>
    <property name="maven.ext.class.path" value="E:\JetBrains\IntelliJ IDEA 2022.2.3\plugins\maven\lib\maven-event-listener.jar"/>
    <property name="classworlds.conf" value="E:\JetBrains\IntelliJ IDEA 2022.2.3\plugins\maven\lib\maven3\bin\m2.conf"/>
    <property name="sun.jnu.encoding" value="Cp1252"/>
    <property name="java.library.path" value="C:\Program Files\Java\jdk-11.0.17\bin;C:\WINDOWS\Sun\Java\bin;C:\WINDOWS\system32;C:\WINDOWS;E:\Delphi\Bin;E:\Delphi\Projects\Bpl\;C:\Program Files\Java\jdk-11.0.17\bin;C:\Program Files\Common Files\Oracle\Java\javapath;C:\Python310\Scripts\;C:\Python310\;C:\Program Files (x86)\Common Files\Intel\Shared Libraries\redist\intel64\compiler;C:\WINDOWS\system32;C:\WINDOWS;C:\WINDOWS\System32\Wbem;C:\WINDOWS\System32\WindowsPowerShell\v1.0\;C:\WINDOWS\System32\OpenSSH\;C:\Program Files (x86)\NVIDIA Corporation\PhysX\Common;C:\Program Files\NVIDIA Corporation\NVIDIA NvDLISR;C:\WINDOWS\system32;C:\WINDOWS;C:\WINDOWS\System32\Wbem;C:\WINDOWS\System32\WindowsPowerShell\v1.0\;C:\WINDOWS\System32\OpenSSH\;C:\ProgramData\chocolatey\bin;C:\Program Files\nodejs\;C:\Program Files\Git\cmd;E:\FPC\3.2.2\bin\i386-Win32;C:\Program Files\dotnet\;C:\Program Files\Maven\apache-maven-4.0.0-alpha-5\bin;C:\Users\Acer\AppData\Local\Android\Sdk\platform-tools;C:\Users\Acer\AppData\Local\Android\Sdk\cmdline-tools;;C:\Program Files\Docker\Docker\resources\bin;C:\Users\Acer\AppData\Local\Programs\Python\Python311\Scripts\;C:\Users\Acer\AppData\Local\Programs\Python\Python311\;C:\Users\Acer\scoop\shims;C:\Users\Acer\AppData\Local\Microsoft\WindowsApps;;C:\Users\Acer\AppData\Local\Programs\Microsoft VS Code\bin;C:\Users\Acer\AppData\Roaming\npm;E:\JetBrains\DataGrip 2022.2.5\bin;;E:\JetBrains\IntelliJ IDEA 2022.2.3\bin;;E:\JetBrains\PyCharm 2022.2.3\bin;;E:\JetBrains\DataSpell 2022.2.3\bin;;D:\CLion 2023.1.2\bin;;."/>
    <property name="maven.conf" value="E:\JetBrains\IntelliJ IDEA 2022.2.3\plugins\maven\lib\maven3/conf"/>
    <property name="jdk.debug" value="release"/>
    <property name="java.class.version" value="55.0"/>
    <property name="java.specification.name" value="Java Platform API Specification"/>
    <property name="sun.management.compiler" value="HotSpot 64-Bit Tiered Compilers"/>
    <property name="os.version" value="10.0"/>
    <property name="user.home" value="C:\Users\Acer"/>
    <property name="user.timezone" value="Australia/Perth"/>
    <property name="java.awt.printerjob" value="sun.awt.windows.WPrinterJob"/>
    <property name="file.encoding" value="UTF-8"/>
    <property name="java.specification.version" value="11"/>
    <property name="user.name" value="Acer"/>
    <property name="java.class.path" value="E:\JetBrains\IntelliJ IDEA 2022.2.3\plugins\maven\lib\maven3\boot\plexus-classworlds-2.6.0.jar;E:\JetBrains\IntelliJ IDEA 2022.2.3\plugins\maven\lib\maven3\boot\plexus-classworlds.license"/>
    <property name="java.vm.specification.version" value="11"/>
    <property name="sun.arch.data.model" value="64"/>
    <property name="sun.java.command" value="org.codehaus.classworlds.Launcher -Didea.version=2022.2.5 verify"/>
    <property name="java.home" value="C:\Program Files\Java\jdk-11.0.17"/>
    <property name="user.language" value="en"/>
    <property name="java.specification.vendor" value="Oracle Corporation"/>
    <property name="awt.toolkit" value="sun.awt.windows.WToolkit"/>
    <property name="java.vm.info" value="mixed mode"/>
    <property name="java.version" value="11.0.17"/>
    <property name="java.vendor" value="Oracle Corporation"/>
    <property name="maven.home" value="E:\JetBrains\IntelliJ IDEA 2022.2.3\plugins\maven\lib\maven3"/>
    <property name="file.separator" value="\"/>
    <property name="java.version.date" value="2022-10-18"/>
    <property name="java.vendor.url.bug" value="https://bugreport.java.com/bugreport/"/>
    <property name="sun.io.unicode.encoding" value="UnicodeLittle"/>
    <property name="sun.cpu.endian" value="little"/>
    <property name="java.vendor.version" value="18.9"/>
    <property name="sun.desktop" value="windows"/>
    <property name="sun.cpu.isalist" value="amd64"/>
  </properties>
  <testcase classname="runner.RunnerTest" name="runScenario" time="16.9"/>
  <testcase classname="runner.RunnerTest" name="runScenario" time="15.599"/>
  <testcase classname="runner.RunnerTest" name="runScenario" time="18.932">
    <failure message="expected [Sukses merubah stok] but found [Kesalahan pada aplikasi]" type="java.lang.AssertionError">java.lang.AssertionError: expected [Sukses merubah stok] but found [Kesalahan pada aplikasi]
	at org.testng.Assert.fail(Assert.java:110)
	at org.testng.Assert.failNotEquals(Assert.java:1577)
	at org.testng.Assert.assertEqualsImpl(Assert.java:149)
	at org.testng.Assert.assertEquals(Assert.java:131)
	at org.testng.Assert.assertEquals(Assert.java:655)
	at org.testng.Assert.assertEquals(Assert.java:665)
	at PageObjects.Persediaan.PersediaanPage.validateAlertMessage(PersediaanPage.java:140)
	at stepdef.PersediaanStepDef.userWillSeeSuccessMessage(PersediaanStepDef.java:66)
	at ✽.User will see success message(file:///E:/Automation%20Test/Jubelio%20x%20Rakamin%20Web%20Automation/src/test/resources/Features/Persediaan.feature:13)
</failure>
    <system-out>
@Test
Scenario: Change stock with a valid data                        &amp;#27;[90m# src/test/resources/Features/Persediaan.feature:8&amp;#27;[0m
  &amp;#27;[32mGiven &amp;#27;[0m&amp;#27;[32mUser already login&amp;#27;[0m                                      &amp;#27;[90m# stepdef.PersediaanStepDef.userAlreadyLogin()&amp;#27;[0m
  &amp;#27;[32mAnd &amp;#27;[0m&amp;#27;[32mUser already in Persediaan page&amp;#27;[0m                           &amp;#27;[90m# stepdef.PersediaanStepDef.userAlreadyInPersediaanPage()&amp;#27;[0m
  &amp;#27;[32mWhen &amp;#27;[0m&amp;#27;[32mUser click on item checkbox&amp;#27;[0m                              &amp;#27;[90m# stepdef.PersediaanStepDef.userClickOnItemCheckbox()&amp;#27;[0m
  &amp;#27;[32mAnd &amp;#27;[0m&amp;#27;[32mUser click penyesuaian persediaan button&amp;#27;[0m                  &amp;#27;[90m# stepdef.PersediaanStepDef.userClickPenyesuaianPersediaanButton()&amp;#27;[0m
  &amp;#27;[32mAnd &amp;#27;[0m&amp;#27;[32mUser fill the penyesuaian persediaan form with valid data&amp;#27;[0m &amp;#27;[90m# stepdef.PersediaanStepDef.userFillThePenyesuaianPersediaanFormWithValidData()&amp;#27;[0m
  &amp;#27;[32mThen &amp;#27;[0m&amp;#27;[32mUser click simpan button&amp;#27;[0m                                 &amp;#27;[90m# stepdef.PersediaanStepDef.userClickSimpanButton()&amp;#27;[0m
Kesalahan pada aplikasi
  &amp;#27;[31mAnd &amp;#27;[0m&amp;#27;[31mUser will see success message&amp;#27;[0m                             &amp;#27;[90m# stepdef.PersediaanStepDef.userWillSeeSuccessMessage()&amp;#27;[0m
      &amp;#27;[31mjava.lang.AssertionError: expected [Sukses merubah stok] but found [Kesalahan pada aplikasi]
	at org.testng.Assert.fail(Assert.java:110)
	at org.testng.Assert.failNotEquals(Assert.java:1577)
	at org.testng.Assert.assertEqualsImpl(Assert.java:149)
	at org.testng.Assert.assertEquals(Assert.java:131)
	at org.testng.Assert.assertEquals(Assert.java:655)
	at org.testng.Assert.assertEquals(Assert.java:665)
	at PageObjects.Persediaan.PersediaanPage.validateAlertMessage(PersediaanPage.java:140)
	at stepdef.PersediaanStepDef.userWillSeeSuccessMessage(PersediaanStepDef.java:66)
	at ✽.User will see success message(file:///E:/Automation%20Test/Jubelio%20x%20Rakamin%20Web%20Automation/src/test/resources/Features/Persediaan.feature:13)
&amp;#27;[0m
</system-out>
    <system-err>Starting ChromeDriver 113.0.5672.63 (0e1a4471d5ae5bf128b1bd8f4d627c8cbd55f70c-refs/branch-heads/5672@{#912}) on port 11328
Only local connections are allowed.
Please see https://chromedriver.chromium.org/security-considerations for suggestions on keeping ChromeDriver safe.
ChromeDriver was started successfully.
</system-err>
  </testcase>
  <testcase classname="runner.RunnerTest" name="runScenario" time="19.06"/>
</testsuite>